<?xml version="1.0" encoding="UTF-8"?>
<testng-results ignored="0" total="1" passed="1" failed="0" skipped="0">
  <reporter-output>
  </reporter-output>
  <suite started-at="2023-01-03T15:01:22 EST" name="Default suite" finished-at="2023-01-03T15:01:27 EST" duration-ms="5058">
    <groups>
    </groups>
    <test started-at="2023-01-03T15:01:22 EST" name="Default test" finished-at="2023-01-03T15:01:27 EST" duration-ms="5058">
      <class name="com.qa.testCases.TestBanking">
        <test-method is-config="true" signature="setupSuite()[pri:0, instance:com.qa.testCases.TestBanking@799f10e1]" started-at="2023-01-03T15:01:21 EST" name="setupSuite" finished-at="2023-01-03T15:01:22 EST" duration-ms="540" status="PASS">
          <reporter-output>
          </reporter-output>
        </test-method> <!-- setupSuite -->
        <test-method is-config="true" signature="setUp()[pri:0, instance:com.qa.testCases.TestBanking@799f10e1]" started-at="2023-01-03T15:01:22 EST" name="setUp" finished-at="2023-01-03T15:01:24 EST" duration-ms="2405" status="PASS">
          <reporter-output>
          </reporter-output>
        </test-method> <!-- setUp -->
        <test-method signature="openBankSite()[pri:1, instance:com.qa.testCases.TestBanking@799f10e1]" started-at="2023-01-03T15:01:24 EST" name="openBankSite" finished-at="2023-01-03T15:01:25 EST" duration-ms="1152" status="PASS">
          <reporter-output>
          </reporter-output>
        </test-method> <!-- openBankSite -->
        <test-method is-config="true" signature="tearDownMethod(org.testng.ITestResult)[pri:0, instance:com.qa.testCases.TestBanking@799f10e1]" started-at="2023-01-03T15:01:25 EST" name="tearDownMethod" finished-at="2023-01-03T15:01:26 EST" duration-ms="205" status="PASS">
          <params>
            <param index="0">
              <value>
                <![CDATA[[TestResult name=openBankSite status=SUCCESS method=TestBanking.openBankSite()[pri:1, instance:com.qa.testCases.TestBanking@799f10e1] output={null}]]]>
              </value>
            </param>
          </params>
          <reporter-output>
          </reporter-output>
        </test-method> <!-- tearDownMethod -->
        <test-method is-config="true" signature="tearDown()[pri:0, instance:com.qa.testCases.TestBanking@799f10e1]" started-at="2023-01-03T15:01:26 EST" name="tearDown" finished-at="2023-01-03T15:01:27 EST" duration-ms="1268" status="PASS">
          <reporter-output>
          </reporter-output>
        </test-method> <!-- tearDown -->
      </class> <!-- com.qa.testCases.TestBanking -->
    </test> <!-- Default test -->
  </suite> <!-- Default suite -->
</testng-results>
